<?xml version="1.0" encoding="UTF-8"?>
<robot generator="Robot 4.0.3 (Python 3.9.6 on win32)" generated="20210709 20:08:13.899" rpa="false" schemaversion="2">
<suite id="s1" name="Ten Two Assigment" source="C:\Users\ASSiddesh\PycharmProjects\pythonProject\assigment\ten_two_assigment.robot">
<test id="s1-t1" name="Valid open">
<kw name="Open Browser To imdb page">
<kw name="Open Browser" library="SeleniumLibrary">
<arg>${LOGIN URL}</arg>
<arg>${BROWSER}</arg>
<doc>Opens a new browser instance to the given ``url``.</doc>
<msg timestamp="20210709 20:08:14.337" level="INFO">Opening browser 'Firefox' to base url 'https://www.imdb.com/'.</msg>
<status status="PASS" starttime="20210709 20:08:14.337" endtime="20210709 20:08:32.717"/>
</kw>
<kw name="Title Should Be" library="SeleniumLibrary">
<arg>IMDb: Ratings, Reviews, and Where to Watch the Best Movies &amp; TV Shows</arg>
<doc>Verifies that current page title equals ``title``.</doc>
<msg timestamp="20210709 20:08:32.721" level="INFO">Page title is 'IMDb: Ratings, Reviews, and Where to Watch the Best Movies &amp; TV Shows'.</msg>
<status status="PASS" starttime="20210709 20:08:32.718" endtime="20210709 20:08:32.721"/>
</kw>
<status status="PASS" starttime="20210709 20:08:14.336" endtime="20210709 20:08:32.721"/>
</kw>
<status status="PASS" starttime="20210709 20:08:14.336" endtime="20210709 20:08:32.722"/>
</test>
<test id="s1-t2" name="check search">
<kw name="Input search1">
<arg>Music</arg>
<kw name="Input Text" library="SeleniumLibrary">
<arg>id:suggestion-search</arg>
<arg>Music</arg>
<doc>Types the given ``text`` into text field identified by ``locator``.</doc>
<msg timestamp="20210709 20:08:32.728" level="INFO">Typing text 'Music' into text field 'id:suggestion-search'.</msg>
<status status="PASS" starttime="20210709 20:08:32.727" endtime="20210709 20:08:32.832"/>
</kw>
<status status="PASS" starttime="20210709 20:08:32.726" endtime="20210709 20:08:32.833"/>
</kw>
<status status="PASS" starttime="20210709 20:08:32.724" endtime="20210709 20:08:32.833"/>
</test>
<test id="s1-t3" name="click submit">
<kw name="Submit SearchQuery">
<kw name="Click Button" library="SeleniumLibrary">
<arg>css:#suggestion-search-button</arg>
<doc>Clicks button identified by ``locator``.</doc>
<msg timestamp="20210709 20:08:32.837" level="INFO">Clicking button 'css:#suggestion-search-button'.</msg>
<status status="PASS" starttime="20210709 20:08:32.837" endtime="20210709 20:08:40.392"/>
</kw>
<status status="PASS" starttime="20210709 20:08:32.836" endtime="20210709 20:08:40.393"/>
</kw>
<status status="PASS" starttime="20210709 20:08:32.835" endtime="20210709 20:08:40.395"/>
</test>
<test id="s1-t4" name="search results of music">
<kw name="Search">
<kw name="Title Should Be" library="SeleniumLibrary">
<arg>Find - IMDb</arg>
<doc>Verifies that current page title equals ``title``.</doc>
<msg timestamp="20210709 20:08:40.407" level="INFO">Page title is 'Find - IMDb'.</msg>
<status status="PASS" starttime="20210709 20:08:40.402" endtime="20210709 20:08:40.408"/>
</kw>
<status status="PASS" starttime="20210709 20:08:40.401" endtime="20210709 20:08:40.409"/>
</kw>
<status status="PASS" starttime="20210709 20:08:40.400" endtime="20210709 20:08:40.413"/>
</test>
<test id="s1-t5" name="navigate inside">
<kw name="Navigate">
<kw name="Click Link" library="SeleniumLibrary">
<arg>link:More title matches</arg>
<doc>Clicks a link identified by ``locator``.</doc>
<msg timestamp="20210709 20:08:40.417" level="INFO">Clicking link 'link:More title matches'.</msg>
<status status="PASS" starttime="20210709 20:08:40.417" endtime="20210709 20:08:44.465"/>
</kw>
<kw name="Execute Javascript" library="SeleniumLibrary">
<arg>$(document).scrollTop(${2})</arg>
<doc>Executes the given JavaScript code.</doc>
<msg timestamp="20210709 20:08:44.467" level="INFO">Executing JavaScript:
$(document).scrollTop(2)</msg>
<status status="PASS" starttime="20210709 20:08:44.466" endtime="20210709 20:08:44.474"/>
</kw>
<kw name="Click Link" library="SeleniumLibrary">
<arg>link:High School Musical: The Musical: The Series: The Special</arg>
<doc>Clicks a link identified by ``locator``.</doc>
<msg timestamp="20210709 20:08:44.474" level="INFO">Clicking link 'link:High School Musical: The Musical: The Series: The Special'.</msg>
<status status="PASS" starttime="20210709 20:08:44.474" endtime="20210709 20:08:51.560"/>
</kw>
<status status="PASS" starttime="20210709 20:08:40.416" endtime="20210709 20:08:51.561"/>
</kw>
<status status="PASS" starttime="20210709 20:08:40.415" endtime="20210709 20:08:51.562"/>
</test>
<doc>To show the Maintain Automation Element locators.</doc>
<status status="PASS" starttime="20210709 20:08:13.902" endtime="20210709 20:08:51.569"/>
</suite>
<statistics>
<total>
<stat pass="5" fail="0" skip="0">All Tests</stat>
</total>
<tag>
</tag>
<suite>
<stat pass="5" fail="0" skip="0" id="s1" name="Ten Two Assigment">Ten Two Assigment</stat>
</suite>
</statistics>
<errors>
</errors>
</robot>
